omrMobile/_2netSampleApp/build/outputs/logs/manifest-merger-debug-report.txt
-- Merging decision tree log ---
manifest
ADDED from src/main/AndroidManifest.xml:2:1-161:12
INJECTED from src/main/AndroidManifest.xml:2:1-161:12
INJECTED from src/main/AndroidManifest.xml:2:1-161:12
INJECTED from src/main/AndroidManifest.xml:2:1-161:12
MERGED from [:_2netMobileCore] AndroidManifest.xml:2:1-74:12
MERGED from [com.android.volley:volley:1.1.0] AndroidManifest.xml:2:1-11:12
INJECTED from src/main/AndroidManifest.xml:2:1-161:12
INJECTED from src/main/AndroidManifest.xml:2:1-161:12
INJECTED from src/main/AndroidManifest.xml:2:1-161:12
	package
		ADDED from src/main/AndroidManifest.xml:4:5-39
		INJECTED from src/main/AndroidManifest.xml
		INJECTED from src/main/AndroidManifest.xml
	android:versionName
		ADDED from src/main/AndroidManifest.xml:6:11-36
		INJECTED from src/main/AndroidManifest.xml
		INJECTED from src/main/AndroidManifest.xml
	xmlns:tools
		ADDED from src/main/AndroidManifest.xml:3:5-51
	xmlns:android
		ADDED from src/main/AndroidManifest.xml:2:11-69
	android:versionCode
		ADDED from src/main/AndroidManifest.xml:5:11-34
		INJECTED from src/main/AndroidManifest.xml
		INJECTED from src/main/AndroidManifest.xml
uses-sdk
ADDED from src/main/AndroidManifest.xml:8:5-10:45
INJECTED from src/main/AndroidManifest.xml:8:5-10:45
INJECTED from src/main/AndroidManifest.xml:8:5-10:45
MERGED from [:_2netMobileCore] AndroidManifest.xml:7:5-9:41
MERGED from [:_2netMobileCore] AndroidManifest.xml:7:5-9:41
MERGED from [com.android.volley:volley:1.1.0] AndroidManifest.xml:7:5-43
MERGED from [com.android.volley:volley:1.1.0] AndroidManifest.xml:7:5-43
INJECTED from src/main/AndroidManifest.xml:8:5-10:45
INJECTED from src/main/AndroidManifest.xml:8:5-10:45
	android:targetSdkVersion
		ADDED from src/main/AndroidManifest.xml:10:13-42
		INJECTED from src/main/AndroidManifest.xml
		INJECTED from src/main/AndroidManifest.xml
	android:minSdkVersion
		ADDED from src/main/AndroidManifest.xml:9:13-39
		INJECTED from src/main/AndroidManifest.xml
		INJECTED from src/main/AndroidManifest.xml
uses-permission#android.permission.INTERNET
ADDED from src/main/AndroidManifest.xml:11:5-67
	android:name
		ADDED from src/main/AndroidManifest.xml:11:22-64
permission#com.qcl.twonet.sampleapp.vh.permission.RECEIVE_SENSOR_READINGS
ADDED from src/main/AndroidManifest.xml:18:5-133
	android:protectionLevel
		ADDED from src/main/AndroidManifest.xml:18:96-131
	android:name
		ADDED from src/main/AndroidManifest.xml:18:17-94
permission#com.qcl.twonet.sampleapp.vh.permission.ACCESS_CONTENT
ADDED from src/main/AndroidManifest.xml:25:5-124
	android:protectionLevel
		ADDED from src/main/AndroidManifest.xml:25:87-122
	android:name
		ADDED from src/main/AndroidManifest.xml:25:17-85
permission#com.qcl.twonet.sampleapp.vh.permission.RECEIVE_CONTROL_EVENTS
ADDED from src/main/AndroidManifest.xml:32:5-131
	android:protectionLevel
		ADDED from src/main/AndroidManifest.xml:32:94-129
	android:name
		ADDED from src/main/AndroidManifest.xml:32:17-93
uses-permission#android.permission.BLUETOOTH
ADDED from src/main/AndroidManifest.xml:35:5-68
	android:name
		ADDED from src/main/AndroidManifest.xml:35:22-65
uses-permission#android.permission.BLUETOOTH_ADMIN
ADDED from src/main/AndroidManifest.xml:36:5-74
	android:name
		ADDED from src/main/AndroidManifest.xml:36:22-71
uses-permission#android.permission.RECEIVE_BOOT_COMPLETED
ADDED from src/main/AndroidManifest.xml:38:5-81
	android:name
		ADDED from src/main/AndroidManifest.xml:38:22-78
uses-permission#android.permission.ACCESS_NETWORK_STATE
ADDED from src/main/AndroidManifest.xml:39:5-78
	android:name
		ADDED from src/main/AndroidManifest.xml:39:22-76
uses-permission#android.permission.GET_TASKS
ADDED from src/main/AndroidManifest.xml:40:5-68
	android:name
		ADDED from src/main/AndroidManifest.xml:40:22-65
uses-permission#com.qcl.twonet.sampleapp.vh.permission.RECEIVE_SENSOR_READINGS
ADDED from src/main/AndroidManifest.xml:46:5-101
	android:name
		ADDED from src/main/AndroidManifest.xml:46:22-99
uses-permission#com.qcl.twonet.sampleapp.vh.permission.RECEIVE_CONTROL_EVENTS
ADDED from src/main/AndroidManifest.xml:47:5-100
	android:name
		ADDED from src/main/AndroidManifest.xml:47:22-98
uses-permission#com.qcl.twonet.sampleapp.vh.permission.ACCESS_CONTENT
ADDED from src/main/AndroidManifest.xml:48:5-92
	android:name
		ADDED from src/main/AndroidManifest.xml:48:22-90
application
ADDED from src/main/AndroidManifest.xml:52:5-160:19
MERGED from [:_2netMobileCore] AndroidManifest.xml:11:5-72:19
MERGED from [:_2netMobileCore] AndroidManifest.xml:11:5-72:19
MERGED from [com.android.volley:volley:1.1.0] AndroidManifest.xml:9:5-20
MERGED from [com.android.volley:volley:1.1.0] AndroidManifest.xml:9:5-20
	android:label
		ADDED from src/main/AndroidManifest.xml:54:13-45
	android:icon
		ADDED from src/main/AndroidManifest.xml:56:9-37
	android:allowBackup
		ADDED from src/main/AndroidManifest.xml:53:13-39
	android:theme
		ADDED from src/main/AndroidManifest.xml:55:13-44
	android:name
		ADDED from src/main/AndroidManifest.xml:58:9-58
activity#com.qcl.twonet.sampleapp.ParentAppActivity
ADDED from src/main/AndroidManifest.xml:60:9-67:20
	android:label
		ADDED from src/main/AndroidManifest.xml:61:19-59
	android:configChanges
		ADDED from src/main/AndroidManifest.xml:62:19-89
	android:name
		ADDED from src/main/AndroidManifest.xml:60:19-76
intent-filter#android.intent.action.MAIN+android.intent.category.LAUNCHER
ADDED from src/main/AndroidManifest.xml:63:13-66:29
action#android.intent.action.MAIN
ADDED from src/main/AndroidManifest.xml:64:17-69
	android:name
		ADDED from src/main/AndroidManifest.xml:64:25-66
category#android.intent.category.LAUNCHER
ADDED from src/main/AndroidManifest.xml:65:17-77
	android:name
		ADDED from src/main/AndroidManifest.xml:65:27-74
activity#com.qcl.twonet.sampleapp.EulaActivity
ADDED from src/main/AndroidManifest.xml:69:9-73
	android:name
		ADDED from src/main/AndroidManifest.xml:69:19-71
service#com.qcl.vh.service.ContinuaHdpService
ADDED from src/main/AndroidManifest.xml:71:9-73
	android:name
		ADDED from src/main/AndroidManifest.xml:71:18-70
receiver#com.qcl.twonet.sampleapp.ReadingsReceiver
ADDED from src/main/AndroidManifest.xml:74:9-78:20
	android:exported
		ADDED from src/main/AndroidManifest.xml:74:76-100
	android:name
		ADDED from src/main/AndroidManifest.xml:74:19-75
intent-filter#com.qcl.vh.action.READING_RECEIVED
ADDED from src/main/AndroidManifest.xml:75:13-77:29
action#com.qcl.vh.action.READING_RECEIVED
ADDED from src/main/AndroidManifest.xml:76:17-76
	android:name
		ADDED from src/main/AndroidManifest.xml:76:25-74
receiver#com.qcl.twonet.sampleapp.CertificateExpiredReceiver
ADDED from src/main/AndroidManifest.xml:80:9-84:20
	android:exported
		ADDED from src/main/AndroidManifest.xml:80:86-110
	android:name
		ADDED from src/main/AndroidManifest.xml:80:19-85
intent-filter#com.qcl.vh.action.CERTIFICATE_EXPIRED
ADDED from src/main/AndroidManifest.xml:81:13-83:29
action#com.qcl.vh.action.CERTIFICATE_EXPIRED
ADDED from src/main/AndroidManifest.xml:82:17-79
	android:name
		ADDED from src/main/AndroidManifest.xml:82:25-77
receiver#com.qcl.twonet.sampleapp.ActivationStateChangedReceiver
ADDED from src/main/AndroidManifest.xml:86:9-90:20
	android:exported
		ADDED from src/main/AndroidManifest.xml:86:90-114
	android:name
		ADDED from src/main/AndroidManifest.xml:86:19-89
intent-filter#com.qcl.vh.action.ACTIVATION_STATE_CHANGED
ADDED from src/main/AndroidManifest.xml:87:13-89:29
action#com.qcl.vh.action.ACTIVATION_STATE_CHANGED
ADDED from src/main/AndroidManifest.xml:88:17-84
	android:name
		ADDED from src/main/AndroidManifest.xml:88:25-82
service#com.qcl.vh.service.PollingService
ADDED from src/main/AndroidManifest.xml:93:10-70
MERGED from [:_2netMobileCore] AndroidManifest.xml:12:9-69
MERGED from [:_2netMobileCore] AndroidManifest.xml:12:9-69
	android:name
		ADDED from src/main/AndroidManifest.xml:93:19-67
service#com.qcl.vh.service.ListeningService
ADDED from src/main/AndroidManifest.xml:94:9-71
MERGED from [:_2netMobileCore] AndroidManifest.xml:13:9-71
MERGED from [:_2netMobileCore] AndroidManifest.xml:13:9-71
	android:name
		ADDED from src/main/AndroidManifest.xml:94:18-68
service#com.qcl.vh.service.BondingService
ADDED from src/main/AndroidManifest.xml:95:9-69
MERGED from [:_2netMobileCore] AndroidManifest.xml:14:9-69
MERGED from [:_2netMobileCore] AndroidManifest.xml:14:9-69
	android:name
		ADDED from src/main/AndroidManifest.xml:95:18-66
service#com.qcl.vh.service.PinEntryService
ADDED from src/main/AndroidManifest.xml:96:9-70
MERGED from [:_2netMobileCore] AndroidManifest.xml:15:9-70
MERGED from [:_2netMobileCore] AndroidManifest.xml:15:9-70
	android:name
		ADDED from src/main/AndroidManifest.xml:96:18-67
service#com.qcl.vh.service.NetworkService
ADDED from src/main/AndroidManifest.xml:97:9-69
MERGED from [:_2netMobileCore] AndroidManifest.xml:16:9-69
MERGED from [:_2netMobileCore] AndroidManifest.xml:16:9-69
	android:name
		ADDED from src/main/AndroidManifest.xml:97:18-66
service#com.qcl.vh.service.LoggingService
ADDED from src/main/AndroidManifest.xml:98:9-69
MERGED from [:_2netMobileCore] AndroidManifest.xml:17:9-69
MERGED from [:_2netMobileCore] AndroidManifest.xml:17:9-69
	android:name
		ADDED from src/main/AndroidManifest.xml:98:18-66
service#com.qcl.vh.service.ActivationService
ADDED from src/main/AndroidManifest.xml:99:9-72
MERGED from [:_2netMobileCore] AndroidManifest.xml:18:9-72
MERGED from [:_2netMobileCore] AndroidManifest.xml:18:9-72
	android:name
		ADDED from src/main/AndroidManifest.xml:99:18-69
service#com.qcl.vh.service.DiagnosticService
ADDED from src/main/AndroidManifest.xml:100:9-72
	android:name
		ADDED from src/main/AndroidManifest.xml:100:18-69
service#com.qcl.vh.ble.BleService
ADDED from src/main/AndroidManifest.xml:101:9-61
MERGED from [:_2netMobileCore] AndroidManifest.xml:19:9-61
MERGED from [:_2netMobileCore] AndroidManifest.xml:19:9-61
	android:name
		ADDED from src/main/AndroidManifest.xml:101:18-58
service#com.qcl.vh.ble.EnhancedBleService
ADDED from src/main/AndroidManifest.xml:102:9-118
	android:enabled
		ADDED from src/main/AndroidManifest.xml:102:67-115
	android:name
		ADDED from src/main/AndroidManifest.xml:102:18-66
receiver#com.qcl.vh.receiver.BtBroadcastReceiver
ADDED from src/main/AndroidManifest.xml:104:9-114:20
MERGED from [:_2netMobileCore] AndroidManifest.xml:21:9-31:20
MERGED from [:_2netMobileCore] AndroidManifest.xml:21:9-31:20
	android:name
		ADDED from src/main/AndroidManifest.xml:104:19-73
intent-filter#android.bluetooth.device.action.PAIRING_REQUEST
ADDED from src/main/AndroidManifest.xml:105:13-107:29
action#android.bluetooth.device.action.PAIRING_REQUEST
ADDED from src/main/AndroidManifest.xml:106:17-90
	android:name
		ADDED from src/main/AndroidManifest.xml:106:25-87
intent-filter#android.bluetooth.device.action.BOND_STATE_CHANGED
ADDED from src/main/AndroidManifest.xml:108:13-110:29
action#android.bluetooth.device.action.BOND_STATE_CHANGED
ADDED from src/main/AndroidManifest.xml:109:17-93
	android:name
		ADDED from src/main/AndroidManifest.xml:109:25-90
intent-filter#android.bluetooth.adapter.action.STATE_CHANGED
ADDED from src/main/AndroidManifest.xml:111:13-113:29
action#android.bluetooth.adapter.action.STATE_CHANGED
ADDED from src/main/AndroidManifest.xml:112:17-89
	android:name
		ADDED from src/main/AndroidManifest.xml:112:25-86
receiver#com.qcl.vh.receiver.GenericBroadcastReceiver
ADDED from src/main/AndroidManifest.xml:115:9-121:20
MERGED from [:_2netMobileCore] AndroidManifest.xml:32:9-38:20
MERGED from [:_2netMobileCore] AndroidManifest.xml:32:9-38:20
	android:name
		ADDED from src/main/AndroidManifest.xml:115:19-78
intent-filter#android.intent.action.BOOT_COMPLETED+android.intent.action.TIMEZONE_CHANGED+android.intent.action.TIME_SET
ADDED from src/main/AndroidManifest.xml:116:13-120:29
action#android.intent.action.BOOT_COMPLETED
ADDED from src/main/AndroidManifest.xml:117:17-79
	android:name
		ADDED from src/main/AndroidManifest.xml:117:25-76
action#android.intent.action.TIME_SET
ADDED from src/main/AndroidManifest.xml:118:17-73
	android:name
		ADDED from src/main/AndroidManifest.xml:118:25-70
action#android.intent.action.TIMEZONE_CHANGED
ADDED from src/main/AndroidManifest.xml:119:17-81
	android:name
		ADDED from src/main/AndroidManifest.xml:119:25-78
receiver#com.qcl.vh.receiver.AppActionsReceiver
ADDED from src/main/AndroidManifest.xml:122:9-128:20
MERGED from [:_2netMobileCore] AndroidManifest.xml:39:9-45:20
MERGED from [:_2netMobileCore] AndroidManifest.xml:39:9-45:20
	android:exported
		ADDED from src/main/AndroidManifest.xml:124:13-37
	android:name
		ADDED from src/main/AndroidManifest.xml:123:13-66
intent-filter#com.qcl.vh.action.START_SERVICES
ADDED from src/main/AndroidManifest.xml:125:13-127:29
action#com.qcl.vh.action.START_SERVICES
ADDED from src/main/AndroidManifest.xml:126:17-75
	android:name
		ADDED from src/main/AndroidManifest.xml:126:25-72
receiver#com.qcl.vh.receiver.UpgradeReceiver
ADDED from src/main/AndroidManifest.xml:129:9-133:20
MERGED from [:_2netMobileCore] AndroidManifest.xml:46:9-50:20
MERGED from [:_2netMobileCore] AndroidManifest.xml:46:9-50:20
	android:name
		ADDED from src/main/AndroidManifest.xml:129:19-69
intent-filter#android.intent.action.MY_PACKAGE_REPLACED
ADDED from src/main/AndroidManifest.xml:130:13-132:29
action#android.intent.action.MY_PACKAGE_REPLACED
ADDED from src/main/AndroidManifest.xml:131:17-84
	android:name
		ADDED from src/main/AndroidManifest.xml:131:25-81
receiver#com.qcl.vh.receiver.UpgradeReceiverLegacy
ADDED from src/main/AndroidManifest.xml:134:9-140:20
MERGED from [:_2netMobileCore] AndroidManifest.xml:51:9-57:20
MERGED from [:_2netMobileCore] AndroidManifest.xml:51:9-57:20
	android:enabled
		ADDED from src/main/AndroidManifest.xml:136:13-64
	android:name
		ADDED from src/main/AndroidManifest.xml:135:13-69
intent-filter#android.intent.action.PACKAGE_REPLACED
ADDED from src/main/AndroidManifest.xml:137:13-139:29
action#android.intent.action.PACKAGE_REPLACED
ADDED from src/main/AndroidManifest.xml:138:17-81
	android:name
		ADDED from src/main/AndroidManifest.xml:138:25-78
receiver#com.qcl.vh.receiver.ConnectivityChangeReceiver
ADDED from src/main/AndroidManifest.xml:141:9-147:20
MERGED from [:_2netMobileCore] AndroidManifest.xml:58:9-64:20
MERGED from [:_2netMobileCore] AndroidManifest.xml:58:9-64:20
	android:enabled
		ADDED from src/main/AndroidManifest.xml:143:13-36
	android:name
		ADDED from src/main/AndroidManifest.xml:142:13-74
intent-filter#android.net.conn.CONNECTIVITY_CHANGE
ADDED from src/main/AndroidManifest.xml:144:13-146:29
action#android.net.conn.CONNECTIVITY_CHANGE
ADDED from src/main/AndroidManifest.xml:145:17-79
	android:name
		ADDED from src/main/AndroidManifest.xml:145:25-76
provider#com.qcl.vh.content.VirtualHubProvider
ADDED from src/main/AndroidManifest.xml:150:9-156:20
MERGED from [:_2netMobileCore] AndroidManifest.xml:66:9-71:20
MERGED from [:_2netMobileCore] AndroidManifest.xml:66:9-71:20
	android:authorities
		ADDED from src/main/AndroidManifest.xml:152:13-96
		REJECTED from [:_2netMobileCore] AndroidManifest.xml:68:13-45
	android:exported
		ADDED from src/main/AndroidManifest.xml:153:13-36
	android:permission
		ADDED from src/main/AndroidManifest.xml:154:13-87
		REJECTED from [:_2netMobileCore] AndroidManifest.xml:70:13-70
	tools:replace
		ADDED from src/main/AndroidManifest.xml:155:13-67
	android:name
		ADDED from src/main/AndroidManifest.xml:151:13-65